#
# There is insufficient memory for the Java Runtime Environment to continue.
# Native memory allocation (mmap) failed to map 255852544 bytes. Error detail: G1 virtual space
# Possible reasons:
#   The system is out of physical RAM or swap space
#   This process is running with CompressedOops enabled, and the Java Heap may be blocking the growth of the native heap
# Possible solutions:
#   Reduce memory load on the system
#   Increase physical memory or swap space
#   Check if swap backing store is full
#   Decrease Java heap size (-Xmx/-Xms)
#   Decrease number of Java threads
#   Decrease Java thread stack sizes (-Xss)
#   Set larger code cache with -XX:ReservedCodeCacheSize=
#   JVM is running with Zero Based Compressed Oops mode in which the Java heap is
#     placed in the first 32GB address space. The Java Heap base address is the
#     maximum limit for the native heap growth. Please use -XX:HeapBaseMinAddress
#     to set the Java Heap base and to place the Java Heap above 32GB virtual address.
# This output file may be truncated or incomplete.
#
#  Out of Memory Error (os_windows.cpp:3898), pid=7912, tid=24028
#
# JRE version:  (21.0.7+6) (build )
# Java VM: OpenJDK 64-Bit Server VM (21.0.7+6-b1038.58, mixed mode, sharing, tiered, compressed oops, compressed class ptrs, g1 gc, windows-amd64)
# No core dump will be written. Minidumps are not enabled by default on client versions of Windows
#

---------------  S U M M A R Y ------------

Command Line: git4idea.http.GitAskPassApp Username for 'https://gitee.com': 

Host: AMD Ryzen 7 6800H with Radeon Graphics         , 16 cores, 15G,  Windows 11 , 64 bit Build 22621 (10.0.22621.2506)
Time: Mon Aug 25 19:09:29 2025  Windows 11 , 64 bit Build 22621 (10.0.22621.2506) elapsed time: 0.022871 seconds (0d 0h 0m 0s)

---------------  T H R E A D  ---------------

Current thread (0x000001be26702fd0):  JavaThread "Unknown thread" [_thread_in_vm, id=24028, stack(0x00000049c0700000,0x00000049c0800000) (1024K)]

Stack: [0x00000049c0700000,0x00000049c0800000]
Native frames: (J=compiled Java code, j=interpreted, Vv=VM code, C=native code)
V  [jvm.dll+0x6e7c19]
V  [jvm.dll+0x8c5f53]
V  [jvm.dll+0x8c84ae]
V  [jvm.dll+0x8c8b93]
V  [jvm.dll+0x2899e6]
V  [jvm.dll+0x6e4455]
V  [jvm.dll+0x6d7f1a]
V  [jvm.dll+0x3640db]
V  [jvm.dll+0x36bca6]
V  [jvm.dll+0x3be046]
V  [jvm.dll+0x3be318]
V  [jvm.dll+0x33681c]
V  [jvm.dll+0x33750b]
V  [jvm.dll+0x88d3b9]
V  [jvm.dll+0x3cb218]
V  [jvm.dll+0x876408]
V  [jvm.dll+0x45ff5e]
V  [jvm.dll+0x461c41]
C  [jli.dll+0x52ab]
C  [ucrtbase.dll+0x29363]
C  [KERNEL32.DLL+0x1257d]
C  [ntdll.dll+0x5aa58]


---------------  P R O C E S S  ---------------

Threads class SMR info:
_java_thread_list=0x00007fff1b71d188, length=0, elements={
}

Java Threads: ( => current thread )
Total: 0

Other Threads:
  0x000001be26767010 WorkerThread "GC Thread#0"                     [id=2628, stack(0x00000049c0800000,0x00000049c0900000) (1024K)]
  0x000001be267774b0 ConcurrentGCThread "G1 Main Marker"            [id=22716, stack(0x00000049c0900000,0x00000049c0a00000) (1024K)]
  0x000001be26778750 WorkerThread "G1 Conc#0"                       [id=21712, stack(0x00000049c0a00000,0x00000049c0b00000) (1024K)]

[error occurred during error reporting (printing all threads), id 0xc0000005, EXCEPTION_ACCESS_VIOLATION (0xc0000005) at pc=0x00007fff1ae098f7]
VM state: not at safepoint (not fully initialized)

VM Mutex/Monitor currently owned by a thread:  ([mutex/lock_event])
[0x00007fff1b791bc8] Heap_lock - owner thread: 0x000001be26702fd0

Heap address: 0x000000070ce00000, size: 3890 MB, Compressed Oops mode: Zero based, Oop shift amount: 3

CDS archive(s) mapped at: [0x0000000000000000-0x0000000000000000-0x0000000000000000), size 0, SharedBaseAddress: 0x0000000800000000, ArchiveRelocationMode: 1.
Narrow klass base: 0x0000000000000000, Narrow klass shift: 0, Narrow klass range: 0x0

GC Precious Log:
 CardTable entry size: 512
 Card Set container configuration: InlinePtr #cards 4 size 8 Array Of Cards #cards 16 size 48 Howl #buckets 8 coarsen threshold 3686 Howl Bitmap #cards 512 size 80 coarsen threshold 460 Card regions per heap region 1 cards per card region 4096

Heap:
 garbage-first heap   total 0K, used 0K [0x000000070ce00000, 0x0000000800000000)
  region size 2048K, 0 young (0K), 0 survivors (0K)
 Metaspace       used 0K, committed 0K, reserved 0K
  class space    used 0K, committed 0K, reserved 0K

Heap Regions: E=young(eden), S=young(survivor), O=old, HS=humongous(starts), HC=humongous(continues), CS=collection set, F=free, TAMS=top-at-mark-start, PB=parsable bottom

Card table byte_map: [0x000001be3b2b0000,0x000001be3ba50000] _byte_map_base: 0x000001be37a49000

Marking Bits: (CMBitMap*) 0x000001be26767710
 Bits: [0x000001be3ba50000, 0x000001be3f718000)

GC Heap History (0 events):
No events

Dll operation events (1 events):
Event: 0.017 Loaded shared library D:\PyCharm 2025.2\jbr\bin\java.dll

Deoptimization events (0 events):
No events

Classes loaded (0 events):
No events

Classes unloaded (0 events):
No events

Classes redefined (0 events):
No events

Internal exceptions (0 events):
No events

ZGC Phase Switch (0 events):
No events

VM Operations (0 events):
No events

Memory protections (0 events):
No events

Nmethod flushes (0 events):
No events

Events (0 events):
No events


Dynamic libraries:
0x00007ff779510000 - 0x00007ff77951a000 	D:\PyCharm 2025.2\jbr\bin\java.exe
0x00007fffaf3f0000 - 0x00007fffaf607000 	C:\WINDOWS\SYSTEM32\ntdll.dll
0x00007fffad6d0000 - 0x00007fffad794000 	C:\WINDOWS\System32\KERNEL32.DLL
0x00007fffacc30000 - 0x00007fffacfd6000 	C:\WINDOWS\System32\KERNELBASE.dll
0x00007fffaca90000 - 0x00007fffacba1000 	C:\WINDOWS\System32\ucrtbase.dll
0x00007fffa7290000 - 0x00007fffa72a8000 	D:\PyCharm 2025.2\jbr\bin\jli.dll
0x00007fffa7f90000 - 0x00007fffa7fab000 	D:\PyCharm 2025.2\jbr\bin\VCRUNTIME140.dll
0x00007fffae940000 - 0x00007fffaeaee000 	C:\WINDOWS\System32\USER32.dll
0x00007fffad0a0000 - 0x00007fffad0c6000 	C:\WINDOWS\System32\win32u.dll
0x00007fffadeb0000 - 0x00007fffaded9000 	C:\WINDOWS\System32\GDI32.dll
0x00007fffac970000 - 0x00007fffaca88000 	C:\WINDOWS\System32\gdi32full.dll
0x00007fff9afd0000 - 0x00007fff9b263000 	C:\WINDOWS\WinSxS\amd64_microsoft.windows.common-controls_6595b64144ccf1df_6.0.22621.2506_none_270c5ae97388e100\COMCTL32.dll
0x00007fffac8d0000 - 0x00007fffac96a000 	C:\WINDOWS\System32\msvcp_win.dll
0x00007fffadd00000 - 0x00007fffadda7000 	C:\WINDOWS\System32\msvcrt.dll
0x00007fffad4b0000 - 0x00007fffad4e1000 	C:\WINDOWS\System32\IMM32.DLL
0x0000000065000000 - 0x000000006500d000 	D:\360\360safe\safemon\SafeWrapper.dll
0x00007fffad1d0000 - 0x00007fffad281000 	C:\WINDOWS\System32\ADVAPI32.dll
0x00007fffad7a0000 - 0x00007fffad845000 	C:\WINDOWS\System32\sechost.dll
0x00007fffadbe0000 - 0x00007fffadcf7000 	C:\WINDOWS\System32\RPCRT4.dll
0x00007fffaadd0000 - 0x00007fffaae7c000 	D:\360\360safe\safemon\libzdtp64.dll
0x00007fffaeaf0000 - 0x00007fffaf34a000 	C:\WINDOWS\System32\SHELL32.dll
0x00007fffaf350000 - 0x00007fffaf3ae000 	C:\WINDOWS\System32\SHLWAPI.dll
0x00007fffac270000 - 0x00007fffac27a000 	C:\WINDOWS\SYSTEM32\VERSION.dll
0x00007fffac190000 - 0x00007fffac1ce000 	D:\360\360safe\safemon\capid64.dll
0x00007fffa7310000 - 0x00007fffa731c000 	D:\PyCharm 2025.2\jbr\bin\vcruntime140_1.dll
0x00007fff57560000 - 0x00007fff575ed000 	D:\PyCharm 2025.2\jbr\bin\msvcp140.dll
0x00007fff1aac0000 - 0x00007fff1b884000 	D:\PyCharm 2025.2\jbr\bin\server\jvm.dll
0x00007fffad3b0000 - 0x00007fffad421000 	C:\WINDOWS\System32\WS2_32.dll
0x00007fffac210000 - 0x00007fffac25d000 	C:\WINDOWS\SYSTEM32\POWRPROF.dll
0x00007fffa9bb0000 - 0x00007fffa9be4000 	C:\WINDOWS\SYSTEM32\WINMM.dll
0x00007fffac1f0000 - 0x00007fffac203000 	C:\WINDOWS\SYSTEM32\UMPDC.dll
0x00007fffab560000 - 0x00007fffab578000 	C:\WINDOWS\SYSTEM32\kernel.appcore.dll
0x00007fffa7300000 - 0x00007fffa730a000 	D:\PyCharm 2025.2\jbr\bin\jimage.dll
0x00007fffaa030000 - 0x00007fffaa263000 	C:\WINDOWS\SYSTEM32\DBGHELP.DLL
0x00007fffae360000 - 0x00007fffae6e9000 	C:\WINDOWS\System32\combase.dll
0x00007fffad5f0000 - 0x00007fffad6c7000 	C:\WINDOWS\System32\OLEAUT32.dll
0x00007fff94360000 - 0x00007fff94392000 	C:\WINDOWS\SYSTEM32\dbgcore.DLL
0x00007fffacbb0000 - 0x00007fffacc2a000 	C:\WINDOWS\System32\bcryptPrimitives.dll
0x00007fffa4350000 - 0x00007fffa4370000 	D:\PyCharm 2025.2\jbr\bin\java.dll

dbghelp: loaded successfully - version: 4.0.5 - missing functions: none
symbol engine: initialized successfully - sym options: 0x614 - pdb path: .;D:\PyCharm 2025.2\jbr\bin;C:\WINDOWS\SYSTEM32;C:\WINDOWS\WinSxS\amd64_microsoft.windows.common-controls_6595b64144ccf1df_6.0.22621.2506_none_270c5ae97388e100;D:\360\360safe\safemon;D:\PyCharm 2025.2\jbr\bin\server

VM Arguments:
java_command: git4idea.http.GitAskPassApp Username for 'https://gitee.com': 
java_class_path (initial): D:/PyCharm 2025.2/plugins/vcs-git/lib/git4idea-rt.jar;D:/PyCharm 2025.2/lib/externalProcess-rt.jar
Launcher Type: SUN_STANDARD

[Global flags]
     intx CICompilerCount                          = 12                                        {product} {ergonomic}
     uint ConcGCThreads                            = 3                                         {product} {ergonomic}
     uint G1ConcRefinementThreads                  = 13                                        {product} {ergonomic}
   size_t G1HeapRegionSize                         = 2097152                                   {product} {ergonomic}
    uintx GCDrainStackTargetSize                   = 64                                        {product} {ergonomic}
   size_t InitialHeapSize                          = 255852544                                 {product} {ergonomic}
   size_t MarkStackSize                            = 4194304                                   {product} {ergonomic}
   size_t MaxHeapSize                              = 4078960640                                {product} {ergonomic}
   size_t MinHeapDeltaBytes                        = 2097152                                   {product} {ergonomic}
   size_t MinHeapSize                              = 8388608                                   {product} {ergonomic}
    uintx NonNMethodCodeHeapSize                   = 7602480                                {pd product} {ergonomic}
    uintx NonProfiledCodeHeapSize                  = 122027880                              {pd product} {ergonomic}
    uintx ProfiledCodeHeapSize                     = 122027880                              {pd product} {ergonomic}
    uintx ReservedCodeCacheSize                    = 251658240                              {pd product} {ergonomic}
     bool SegmentedCodeCache                       = true                                      {product} {ergonomic}
   size_t SoftMaxHeapSize                          = 4078960640                             {manageable} {ergonomic}
     bool UseCompressedOops                        = true                           {product lp64_product} {ergonomic}
     bool UseG1GC                                  = true                                      {product} {ergonomic}
     bool UseLargePagesIndividualAllocation        = false                                  {pd product} {ergonomic}

Logging:
Log output configuration:
 #0: stdout all=warning uptime,level,tags foldmultilines=false
 #1: stderr all=off uptime,level,tags foldmultilines=false

Environment Variables:
JAVA_HOME=D:\Java\jdk-17
CLASSPATH=.;D:\Java\jdk-17\lib\dt.jar;D:\Java\jdk-17\lib\tools.jar;D:\Java\jdk-17\lib;
PATH=D:\Git\mingw64\libexec\git-core;D:\Git\mingw64\libexec\git-core;D:\Git\mingw64\bin;D:\Git\usr\bin;C:\Users\ų▄č’\bin;D:\Python\Anuo\.venv\Scripts;D:\Python\Python39;D:\Python\Python39\Scripts;D:\Java\jdk-21\bin;C:\Program Files\Common Files\Oracle\Java\javapath;D:\VMware\VMware Workstation\bin;C:\WINDOWS\system32;C:\WINDOWS;C:\WINDOWS\System32\Wbem;C:\WINDOWS\System32\WindowsPowerShell\v1.0;D:\MySQL\MySQL Server 8.0\bin";C:\WINDOWS\System32\OpenSSH;C:\Program Files\dotnet;D:\MySQL\MySQL Server 8.0\bin;D:\Maven\apache-maven-3.9.9\bin;D:\Hadoop\hadoop-3.1.3\bin;D:\nodejs;C:\Windows\System32\WindowsPowerShell\v1.0;C:\Program Files\Git\cmd;D:\Git\cmd;D:\Java\jdk-17\bin;D:\MySQL\MySQL Shell 8.0\bin;D:\Python\Python39;D:\Python\Python39\Scripts;C:\Users\ų▄č’\AppData\Local\Microsoft\WindowsApps;%IntelliJ IDEA Community Edition%;D:\Java\IntelliJ IDEA 2024.1\bin;D:\Python\.idea;D:\Maven\apache-maven-3.9.9\bin;C:\Users\ų▄č’\AppData\Roaming\npm;D:\PyCharm 2025.2\bin;D:\WebStorm 2025.2\bin
USERNAME=ų▄č’
DISPLAY=:0.0
LC_ALL=en_US.UTF-8
TERM=xterm-256color
TMPDIR=C:\Users\ų▄č’\AppData\Local\Temp
OS=Windows_NT
PROCESSOR_IDENTIFIER=AMD64 Family 25 Model 68 Stepping 1, AuthenticAMD
TMP=C:\Users\ų▄č’\AppData\Local\Temp
TEMP=C:\Users\ų▄č’\AppData\Local\Temp




Periodic native trim disabled

JNI global refs:
JNI global refs: 0, weak refs: 0

JNI global refs memory usage: 0, weak refs: 0

Process memory usage:
Resident Set Size: 13292K (0% of 15930312K total physical memory with 2053164K free physical memory)

OOME stack traces (most recent first):
Classloader memory used:

---------------  S Y S T E M  ---------------

OS:
 Windows 11 , 64 bit Build 22621 (10.0.22621.2506)
OS uptime: 0 days 3:11 hours

CPU: total 16 (initial active 16) (16 cores per cpu, 2 threads per core) family 25 model 68 stepping 1 microcode 0x0, cx8, cmov, fxsr, ht, mmx, 3dnowpref, sse, sse2, sse3, ssse3, sse4a, sse4.1, sse4.2, popcnt, lzcnt, tsc, tscinvbit, avx, avx2, aes, erms, clmul, bmi1, bmi2, adx, sha, fma, vzeroupper, clflush, clflushopt, rdtscp, rdpid, fsrm, f16c, pku, cet_ss
Processor Information for the first 16 processors :
  Max Mhz: 3201, Current Mhz: 3201, Mhz Limit: 3201

Memory: 4k page, system-wide physical 15556M (2005M free)
TotalPageFile size 18486M (AvailPageFile size 204M)
current process WorkingSet (physical memory assigned to process): 13M, peak: 13M
current process commit charge ("private bytes"): 71M, peak: 315M

vm_info: OpenJDK 64-Bit Server VM (21.0.7+6-b1038.58) for windows-amd64 JRE (21.0.7+6-b1038.58), built on 2025-07-07 by "builduser" with MS VC++ 16.10 / 16.11 (VS2019)

END.
